<?xml version="1.0" encoding="UTF-8"?>
<!-- Generated by org.testng.reporters.JUnitXMLReporter -->
<testsuite ignored="4" hostname="IN-PG02CJ07" failures="0" tests="23" name="Test" time="225.635" errors="0" timestamp="2023-03-06T01:45:18 IST">
  <testcase classname="AppiumExit.ExitTest.App" name="applicationrun" time="18.723"/>
  <testcase classname="Stepdefination.Audio" name="the_audio_started_playing_successfully_and_the_test_case_is_validated" time="0.002"/>
  <testcase classname="Stepdefination.Audio" name="user_is_navigated_to_media_player_page" time="0.003"/>
  <testcase classname="Stepdefination.Audio" name="user_is_navigated_to_next_page" time="0.002"/>
  <testcase classname="Stepdefination.Audio" name="user_is_on_the_app_homepage" time="5.065"/>
  <testcase classname="Stepdefination.Audio" name="user_hits_media" time="14.193"/>
  <testcase classname="Stepdefination.Audio" name="next_user_hits_media_player" time="1.053"/>
  <testcase classname="Stepdefination.Audio" name="user_hits_play_audio_from_resources" time="11.123"/>
  <testcase classname="AppiumExit.ExitTest.App" name="applicationrun" time="15.203"/>
  <testcase classname="Stepdefination.DataTypes" name="user_hits_content" time="14.935"/>
  <testcase classname="Stepdefination.DataTypes" name="next_user_hits_clipboard" time="1.355"/>
  <testcase classname="Stepdefination.DataTypes" name="user_hits_Data_Types" time="1.228"/>
  <testcase classname="Stepdefination.DataTypes" name="user_starts_writing_the_Data_Type" time="11.087"/>
  <testcase classname="AppiumExit.ExitTest.App" name="applicationrun" time="18.407"/>
  <testcase classname="Stepdefination.AudioFixx" name="user_hits_media" time="14.635"/>
  <testcase classname="Stepdefination.AudioFixx" name="next_user_hits_audioFx" time="1.318"/>
  <testcase classname="Stepdefination.AudioFixx" name="user_starts_equalizing_audio_from_resources" time="11.44"/>
  <testcase classname="AppiumExit.ExitTest.App" name="applicationrun" time="19.252"/>
  <testcase classname="Stepdefination.CameraPreview" name="user_hits_graphics" time="15.332"/>
  <testcase classname="Stepdefination.CameraPreview" name="next_user_hits_camera_preview" time="5.154"/>
  <testcase classname="AppiumExit.ExitTest.App" name="applicationrun" time="26.069"/>
  <testcase classname="Stepdefination.TextToSpeech" name="user_hits_app_options" time="17.276"/>
  <testcase classname="Stepdefination.TextToSpeech" name="clicks_text_to_speech" time="2.656"/>
  <testcase classname="AppiumExit.ExitTest.App" name="@AfterTest stopappium" time="0.0">
    <ignored/>
  </testcase> <!-- @AfterTest stopappium -->
  <testcase classname="AppiumExit.ExitTest.App" name="@AfterTest stopappium" time="0.0">
    <ignored/>
  </testcase> <!-- @AfterTest stopappium -->
  <testcase classname="AppiumExit.ExitTest.App" name="@AfterTest stopappium" time="0.0">
    <ignored/>
  </testcase> <!-- @AfterTest stopappium -->
  <testcase classname="AppiumExit.ExitTest.App" name="@AfterTest stopappium" time="0.0">
    <ignored/>
  </testcase> <!-- @AfterTest stopappium -->
</testsuite> <!-- Test -->
